[2025-04-18 14:38:51][solver][check] Antares Solver v8.7.0 (15b9285)
[2025-04-18 14:38:51][solver][infos]   :: built for 64-bit architectures, Microsoft Windows, 8 cpu(s)
[2025-04-18 14:38:51][solver][infos]   :: hostname = DTU-5CG3022T9G
[2025-04-18 14:38:51][solver][infos] 
[2025-04-18 14:38:51][solver][infos]   :: command: C:\Program Files\RTE\Antares\8.7.0\bin\antares-8.7-solver Antares -n baf_test_endoel_p2hweek
[2025-04-18 14:38:51][solver][infos]   :: log filename: C:\Users\mberos\gitRepos\balmorel-antares\src\Antares\logs\solver-20250418-143851.log
[2025-04-18 14:38:51][solver][infos] 
[2025-04-18 14:38:51][solver][notic] Preparing BAF 3 Country...
[2025-04-18 14:38:51][solver][infos]   detected version: 870
[2025-04-18 14:38:51][solver][infos]   from `C:\Users\mberos\gitRepos\balmorel-antares\src\Antares`
[2025-04-18 14:38:51][solver][infos] 
[2025-04-18 14:38:51][solver][infos]   simulation mode: Economy
[2025-04-18 14:38:51][solver][infos]   simplex optimization range: week
[2025-04-18 14:38:51][solver][infos]   1 year in the user's playlist
[2025-04-18 14:38:51][solver][infos] Cluster renewables were chosen. Output will be disabled for aggregated modes.
[2025-04-18 14:38:51][solver][infos]   :: enabling the 'year-by-year' mode
[2025-04-18 14:38:51][solver][infos]   :: enabling the user playlist
[2025-04-18 14:38:51][solver][infos]   :: enabling the custom build mode
[2025-04-18 14:38:51][solver][infos]   :: ignoring export mps
[2025-04-18 14:38:51][solver][infos]   :: ignoring adequacy patch
[2025-04-18 14:38:51][solver][infos]   :: ignoring export structure
[2025-04-18 14:38:51][solver][infos] Loading the list of areas...
[2025-04-18 14:38:51][solver][infos]   Loading the area list from `C:\Users\mberos\gitRepos\balmorel-antares\src\Antares\input\areas\list.txt`
[2025-04-18 14:38:51][solver][infos]   9 areas found
[2025-04-18 14:38:51][solver][infos] Loading global hydro data...
[2025-04-18 14:38:52][solver][infos] Loading thermal clusters...
[2025-04-18 14:38:52][solver][infos] Loading thermal configuration for the area 00_BAT_STO
[2025-04-18 14:38:52][solver][infos] Loading thermal configuration for the area 00_EV_STO
[2025-04-18 14:38:52][solver][infos] Loading thermal configuration for the area 00_P2G_STO
[2025-04-18 14:38:52][solver][infos] Loading thermal configuration for the area 00_P2H_STO
[2025-04-18 14:38:52][solver][infos] Loading thermal configuration for the area 00_PSP_STO
[2025-04-18 14:38:52][solver][infos] Loading thermal configuration for the area 00_XTRA
[2025-04-18 14:38:57][solver][infos] Loading thermal configuration for the area DE
[2025-04-18 14:38:59][solver][infos] Loading thermal configuration for the area ES
[2025-04-18 14:39:01][solver][infos] Loading thermal configuration for the area FR
[2025-04-18 14:39:03][solver][infos] Loading short term storage clusters...
[2025-04-18 14:39:03][solver][infos] Loading renewable configuration for the area 00_BAT_STO
[2025-04-18 14:39:03][solver][infos] Loading renewable configuration for the area 00_EV_STO
[2025-04-18 14:39:03][solver][infos] Loading renewable configuration for the area 00_P2G_STO
[2025-04-18 14:39:03][solver][infos] Loading renewable configuration for the area 00_P2H_STO
[2025-04-18 14:39:03][solver][infos] Loading renewable configuration for the area 00_PSP_STO
[2025-04-18 14:39:03][solver][infos] Loading renewable configuration for the area 00_XTRA
[2025-04-18 14:39:03][solver][infos] Loading renewable configuration for the area DE
[2025-04-18 14:39:03][solver][infos] Loading renewable configuration for the area ES
[2025-04-18 14:39:03][solver][infos] Loading renewable configuration for the area FR
[2025-04-18 14:39:03][solver][infos] Loading the area 1/9: 00_BAT_STO
[2025-04-18 14:39:03][solver][infos] Loading the area 1/9: 00_BAT_STO  14%
[2025-04-18 14:39:03][solver][infos] Loading the area 1/9: 00_BAT_STO  28%
[2025-04-18 14:39:03][solver][infos] Loading the area 1/9: 00_BAT_STO  42%
[2025-04-18 14:39:03][solver][infos] Loading the area 1/9: 00_BAT_STO  57%
[2025-04-18 14:39:03][solver][infos] Loading the area 1/9: 00_BAT_STO  71%
[2025-04-18 14:39:03][solver][infos] Loading the area 1/9: 00_BAT_STO  85%
[2025-04-18 14:39:03][solver][infos] Loading the area 2/9: 00_EV_STO
[2025-04-18 14:39:03][solver][infos] Loading the area 2/9: 00_EV_STO  16%
[2025-04-18 14:39:03][solver][infos] Loading the area 2/9: 00_EV_STO  33%
[2025-04-18 14:39:03][solver][infos] Loading the area 2/9: 00_EV_STO  50%
[2025-04-18 14:39:03][solver][infos] Loading the area 2/9: 00_EV_STO  66%
[2025-04-18 14:39:03][solver][infos] Loading the area 2/9: 00_EV_STO  83%
[2025-04-18 14:39:03][solver][infos] Loading the area 3/9: 00_P2G_STO
[2025-04-18 14:39:03][solver][infos] Loading the area 3/9: 00_P2G_STO  14%
[2025-04-18 14:39:03][solver][infos] Loading the area 3/9: 00_P2G_STO  28%
[2025-04-18 14:39:03][solver][infos] Loading the area 3/9: 00_P2G_STO  42%
[2025-04-18 14:39:03][solver][infos] Loading the area 3/9: 00_P2G_STO  57%
[2025-04-18 14:39:03][solver][infos] Loading the area 3/9: 00_P2G_STO  71%
[2025-04-18 14:39:04][solver][infos] Loading the area 3/9: 00_P2G_STO  85%
[2025-04-18 14:39:04][solver][infos] Loading the area 4/9: 00_P2H_STO
[2025-04-18 14:39:04][solver][infos] Loading the area 4/9: 00_P2H_STO  16%
[2025-04-18 14:39:04][solver][infos] Loading the area 4/9: 00_P2H_STO  33%
[2025-04-18 14:39:04][solver][infos] Loading the area 4/9: 00_P2H_STO  50%
[2025-04-18 14:39:04][solver][infos] Loading the area 4/9: 00_P2H_STO  66%
[2025-04-18 14:39:04][solver][infos] Loading the area 4/9: 00_P2H_STO  83%
[2025-04-18 14:39:04][solver][infos] Loading the area 5/9: 00_PSP_STO
[2025-04-18 14:39:04][solver][infos] Loading the area 5/9: 00_PSP_STO  14%
[2025-04-18 14:39:04][solver][infos] Loading the area 5/9: 00_PSP_STO  28%
[2025-04-18 14:39:04][solver][infos] Loading the area 5/9: 00_PSP_STO  42%
[2025-04-18 14:39:04][solver][infos] Loading the area 5/9: 00_PSP_STO  57%
[2025-04-18 14:39:04][solver][infos] Loading the area 5/9: 00_PSP_STO  71%
[2025-04-18 14:39:04][solver][infos] Loading the area 5/9: 00_PSP_STO  85%
[2025-04-18 14:39:04][solver][infos] Loading the area 6/9: 00_XTRA
[2025-04-18 14:39:04][solver][infos] Loading the area 6/9: 00_XTRA  0%
[2025-04-18 14:39:04][solver][infos] Loading the area 6/9: 00_XTRA  1%
[2025-04-18 14:39:04][solver][infos] Loading the area 6/9: 00_XTRA  2%
[2025-04-18 14:39:04][solver][infos] Loading the area 6/9: 00_XTRA  2%
[2025-04-18 14:39:04][solver][infos] Loading the area 6/9: 00_XTRA  3%
[2025-04-18 14:39:04][solver][infos] Loading the area 6/9: 00_XTRA  4%
[2025-04-18 14:39:04][solver][infos] Loading the area 6/9: 00_XTRA  5%
[2025-04-18 14:39:04][solver][infos] Loading the area 6/9: 00_XTRA  5%
[2025-04-18 14:39:04][solver][infos] Loading the area 6/9: 00_XTRA  6%
[2025-04-18 14:39:04][solver][infos] Loading the area 6/9: 00_XTRA  7%
[2025-04-18 14:39:04][solver][infos] Loading the area 6/9: 00_XTRA  8%
[2025-04-18 14:39:04][solver][infos] Loading the area 6/9: 00_XTRA  8%
[2025-04-18 14:39:04][solver][infos] Loading the area 6/9: 00_XTRA  9%
[2025-04-18 14:39:04][solver][infos] Loading the area 6/9: 00_XTRA  10%
[2025-04-18 14:39:04][solver][infos] Loading the area 6/9: 00_XTRA  11%
[2025-04-18 14:39:04][solver][infos] Loading the area 6/9: 00_XTRA  11%
[2025-04-18 14:39:04][solver][infos] Loading the area 6/9: 00_XTRA  12%
[2025-04-18 14:39:04][solver][infos] Loading the area 6/9: 00_XTRA  13%
[2025-04-18 14:39:04][solver][infos] Loading the area 6/9: 00_XTRA  14%
[2025-04-18 14:39:04][solver][infos] Loading the area 6/9: 00_XTRA  14%
[2025-04-18 14:39:04][solver][infos] Loading the area 6/9: 00_XTRA  15%
[2025-04-18 14:39:04][solver][infos] Loading the area 6/9: 00_XTRA  16%
[2025-04-18 14:39:04][solver][infos] Loading the area 6/9: 00_XTRA  17%
[2025-04-18 14:39:04][solver][infos] Loading the area 6/9: 00_XTRA  17%
[2025-04-18 14:39:04][solver][infos] Loading the area 6/9: 00_XTRA  18%
[2025-04-18 14:39:04][solver][infos] Loading the area 6/9: 00_XTRA  19%
[2025-04-18 14:39:04][solver][infos] Loading the area 6/9: 00_XTRA  20%
[2025-04-18 14:39:04][solver][infos] Loading the area 6/9: 00_XTRA  20%
[2025-04-18 14:39:04][solver][infos] Loading the area 6/9: 00_XTRA  21%
[2025-04-18 14:39:04][solver][infos] Loading the area 6/9: 00_XTRA  22%
[2025-04-18 14:39:04][solver][infos] Loading the area 6/9: 00_XTRA  22%
[2025-04-18 14:39:04][solver][infos] Loading the area 6/9: 00_XTRA  23%
[2025-04-18 14:39:04][solver][infos] Loading the area 6/9: 00_XTRA  24%
[2025-04-18 14:39:04][solver][infos] Loading the area 6/9: 00_XTRA  25%
[2025-04-18 14:39:04][solver][infos] Loading the area 6/9: 00_XTRA  25%
[2025-04-18 14:39:04][solver][infos] Loading the area 6/9: 00_XTRA  26%
[2025-04-18 14:39:04][solver][infos] Loading the area 6/9: 00_XTRA  27%
[2025-04-18 14:39:04][solver][infos] Loading the area 6/9: 00_XTRA  28%
[2025-04-18 14:39:04][solver][infos] Loading the area 6/9: 00_XTRA  28%
[2025-04-18 14:39:04][solver][infos] Loading the area 6/9: 00_XTRA  29%
[2025-04-18 14:39:04][solver][infos] Loading the area 6/9: 00_XTRA  30%
[2025-04-18 14:39:04][solver][infos] Loading the area 6/9: 00_XTRA  31%
[2025-04-18 14:39:04][solver][infos] Loading the area 6/9: 00_XTRA  31%
[2025-04-18 14:39:04][solver][infos] Loading the area 6/9: 00_XTRA  32%
[2025-04-18 14:39:04][solver][infos] Loading the area 6/9: 00_XTRA  33%
[2025-04-18 14:39:04][solver][infos] Loading the area 6/9: 00_XTRA  34%
[2025-04-18 14:39:04][solver][infos] Loading the area 6/9: 00_XTRA  34%
[2025-04-18 14:39:04][solver][infos] Loading the area 6/9: 00_XTRA  35%
[2025-04-18 14:39:04][solver][infos] Loading the area 6/9: 00_XTRA  36%
[2025-04-18 14:39:04][solver][infos] Loading the area 6/9: 00_XTRA  37%
[2025-04-18 14:39:04][solver][infos] Loading the area 6/9: 00_XTRA  37%
[2025-04-18 14:39:04][solver][infos] Loading the area 6/9: 00_XTRA  38%
[2025-04-18 14:39:04][solver][infos] Loading the area 6/9: 00_XTRA  39%
[2025-04-18 14:39:04][solver][infos] Loading the area 6/9: 00_XTRA  40%
[2025-04-18 14:39:04][solver][infos] Loading the area 6/9: 00_XTRA  40%
[2025-04-18 14:39:04][solver][infos] Loading the area 6/9: 00_XTRA  41%
[2025-04-18 14:39:04][solver][infos] Loading the area 6/9: 00_XTRA  42%
[2025-04-18 14:39:04][solver][infos] Loading the area 6/9: 00_XTRA  42%
[2025-04-18 14:39:04][solver][infos] Loading the area 6/9: 00_XTRA  43%
[2025-04-18 14:39:04][solver][infos] Loading the area 6/9: 00_XTRA  44%
[2025-04-18 14:39:04][solver][infos] Loading the area 6/9: 00_XTRA  45%
[2025-04-18 14:39:04][solver][infos] Loading the area 6/9: 00_XTRA  45%
[2025-04-18 14:39:04][solver][infos] Loading the area 6/9: 00_XTRA  46%
[2025-04-18 14:39:04][solver][infos] Loading the area 6/9: 00_XTRA  47%
[2025-04-18 14:39:04][solver][infos] Loading the area 6/9: 00_XTRA  48%
[2025-04-18 14:39:04][solver][infos] Loading the area 6/9: 00_XTRA  48%
[2025-04-18 14:39:04][solver][infos] Loading the area 6/9: 00_XTRA  49%
[2025-04-18 14:39:04][solver][infos] Loading the area 6/9: 00_XTRA  50%
[2025-04-18 14:39:04][solver][infos] Loading the area 6/9: 00_XTRA  51%
[2025-04-18 14:39:04][solver][infos] Loading the area 6/9: 00_XTRA  51%
[2025-04-18 14:39:04][solver][infos] Loading the area 6/9: 00_XTRA  52%
[2025-04-18 14:39:04][solver][infos] Loading the area 6/9: 00_XTRA  53%
[2025-04-18 14:39:04][solver][infos] Loading the area 6/9: 00_XTRA  54%
[2025-04-18 14:39:04][solver][infos] Loading the area 6/9: 00_XTRA  54%
[2025-04-18 14:39:04][solver][infos] Loading the area 6/9: 00_XTRA  55%
[2025-04-18 14:39:04][solver][infos] Loading the area 6/9: 00_XTRA  56%
[2025-04-18 14:39:04][solver][infos] Loading the area 6/9: 00_XTRA  57%
[2025-04-18 14:39:04][solver][infos] Loading the area 6/9: 00_XTRA  57%
[2025-04-18 14:39:04][solver][infos] Loading the area 6/9: 00_XTRA  58%
[2025-04-18 14:39:04][solver][infos] Loading the area 6/9: 00_XTRA  59%
[2025-04-18 14:39:04][solver][infos] Loading the area 6/9: 00_XTRA  60%
[2025-04-18 14:39:04][solver][infos] Loading the area 6/9: 00_XTRA  60%
[2025-04-18 14:39:04][solver][infos] Loading the area 6/9: 00_XTRA  61%
[2025-04-18 14:39:04][solver][infos] Loading the area 6/9: 00_XTRA  62%
[2025-04-18 14:39:04][solver][infos] Loading the area 6/9: 00_XTRA  62%
[2025-04-18 14:39:04][solver][infos] Loading the area 6/9: 00_XTRA  63%
[2025-04-18 14:39:04][solver][infos] Loading the area 6/9: 00_XTRA  64%
[2025-04-18 14:39:04][solver][infos] Loading the area 6/9: 00_XTRA  65%
[2025-04-18 14:39:04][solver][infos] Loading the area 6/9: 00_XTRA  65%
[2025-04-18 14:39:04][solver][infos] Loading the area 6/9: 00_XTRA  66%
[2025-04-18 14:39:04][solver][infos] Loading the area 6/9: 00_XTRA  67%
[2025-04-18 14:39:04][solver][infos] Loading the area 6/9: 00_XTRA  68%
[2025-04-18 14:39:04][solver][infos] Loading the area 6/9: 00_XTRA  68%
[2025-04-18 14:39:04][solver][infos] Loading the area 6/9: 00_XTRA  69%
[2025-04-18 14:39:04][solver][infos] Loading the area 6/9: 00_XTRA  70%
[2025-04-18 14:39:04][solver][infos] Loading the area 6/9: 00_XTRA  71%
[2025-04-18 14:39:04][solver][infos] Loading the area 6/9: 00_XTRA  71%
[2025-04-18 14:39:04][solver][infos] Loading the area 6/9: 00_XTRA  72%
[2025-04-18 14:39:04][solver][infos] Loading the area 6/9: 00_XTRA  73%
[2025-04-18 14:39:04][solver][infos] Loading the area 6/9: 00_XTRA  74%
[2025-04-18 14:39:04][solver][infos] Loading the area 6/9: 00_XTRA  74%
[2025-04-18 14:39:04][solver][infos] Loading the area 6/9: 00_XTRA  75%
[2025-04-18 14:39:04][solver][infos] Loading the area 6/9: 00_XTRA  76%
[2025-04-18 14:39:04][solver][infos] Loading the area 6/9: 00_XTRA  77%
[2025-04-18 14:39:04][solver][infos] Loading the area 6/9: 00_XTRA  77%
[2025-04-18 14:39:04][solver][infos] Loading the area 6/9: 00_XTRA  78%
[2025-04-18 14:39:04][solver][infos] Loading the area 6/9: 00_XTRA  79%
[2025-04-18 14:39:04][solver][infos] Loading the area 6/9: 00_XTRA  80%
[2025-04-18 14:39:04][solver][infos] Loading the area 6/9: 00_XTRA  80%
[2025-04-18 14:39:04][solver][infos] Loading the area 6/9: 00_XTRA  81%
[2025-04-18 14:39:04][solver][infos] Loading the area 6/9: 00_XTRA  82%
[2025-04-18 14:39:04][solver][infos] Loading the area 6/9: 00_XTRA  82%
[2025-04-18 14:39:04][solver][infos] Loading the area 6/9: 00_XTRA  83%
[2025-04-18 14:39:04][solver][infos] Loading the area 6/9: 00_XTRA  84%
[2025-04-18 14:39:04][solver][infos] Loading the area 6/9: 00_XTRA  85%
[2025-04-18 14:39:04][solver][infos] Loading the area 6/9: 00_XTRA  85%
[2025-04-18 14:39:04][solver][infos] Loading the area 6/9: 00_XTRA  86%
[2025-04-18 14:39:04][solver][infos] Loading the area 6/9: 00_XTRA  87%
[2025-04-18 14:39:04][solver][infos] Loading the area 6/9: 00_XTRA  88%
[2025-04-18 14:39:04][solver][infos] Loading the area 6/9: 00_XTRA  88%
[2025-04-18 14:39:04][solver][infos] Loading the area 6/9: 00_XTRA  89%
[2025-04-18 14:39:04][solver][infos] Loading the area 6/9: 00_XTRA  90%
[2025-04-18 14:39:04][solver][infos] Loading the area 6/9: 00_XTRA  91%
[2025-04-18 14:39:04][solver][infos] Loading the area 6/9: 00_XTRA  91%
[2025-04-18 14:39:04][solver][infos] Loading the area 6/9: 00_XTRA  92%
[2025-04-18 14:39:04][solver][infos] Loading the area 6/9: 00_XTRA  93%
[2025-04-18 14:39:04][solver][infos] Loading the area 6/9: 00_XTRA  94%
[2025-04-18 14:39:04][solver][infos] Loading the area 6/9: 00_XTRA  94%
[2025-04-18 14:39:04][solver][infos] Loading the area 6/9: 00_XTRA  95%
[2025-04-18 14:39:04][solver][infos] Loading the area 6/9: 00_XTRA  96%
[2025-04-18 14:39:04][solver][infos] Loading the area 6/9: 00_XTRA  97%
[2025-04-18 14:39:04][solver][infos] Loading the area 6/9: 00_XTRA  97%
[2025-04-18 14:39:04][solver][infos] Loading the area 6/9: 00_XTRA  98%
[2025-04-18 14:39:04][solver][infos] Loading the area 6/9: 00_XTRA  99%
[2025-04-18 14:39:09][solver][infos] Loading the area 7/9: DE
[2025-04-18 14:39:09][solver][infos] Loading the area 7/9: DE  2%
[2025-04-18 14:39:09][solver][infos] Loading the area 7/9: DE  4%
[2025-04-18 14:39:09][solver][infos] Loading the area 7/9: DE  6%
[2025-04-18 14:39:09][solver][infos] Loading the area 7/9: DE  9%
[2025-04-18 14:39:10][solver][infos]   'de': The hydro minimum generation data have been normalized to 35 timeseries
[2025-04-18 14:39:10][solver][infos] Loading the area 7/9: DE  11%
[2025-04-18 14:39:10][solver][infos] Loading the area 7/9: DE  13%
[2025-04-18 14:39:10][solver][infos] Loading the area 7/9: DE  16%
[2025-04-18 14:39:10][solver][infos] Loading the area 7/9: DE  18%
[2025-04-18 14:39:10][solver][infos] Loading the area 7/9: DE  20%
[2025-04-18 14:39:10][solver][infos] Loading the area 7/9: DE  23%
[2025-04-18 14:39:10][solver][infos] Loading the area 7/9: DE  25%
[2025-04-18 14:39:10][solver][infos] Loading the area 7/9: DE  27%
[2025-04-18 14:39:10][solver][infos] Loading the area 7/9: DE  30%
[2025-04-18 14:39:10][solver][infos] Loading the area 7/9: DE  32%
[2025-04-18 14:39:10][solver][infos] Loading the area 7/9: DE  34%
[2025-04-18 14:39:10][solver][infos] Loading the area 7/9: DE  37%
[2025-04-18 14:39:10][solver][infos] Loading the area 7/9: DE  39%
[2025-04-18 14:39:10][solver][infos] Loading the area 7/9: DE  41%
[2025-04-18 14:39:10][solver][infos] Loading the area 7/9: DE  44%
[2025-04-18 14:39:10][solver][infos] Loading the area 7/9: DE  46%
[2025-04-18 14:39:10][solver][infos] Loading the area 7/9: DE  48%
[2025-04-18 14:39:10][solver][infos] Loading the area 7/9: DE  51%
[2025-04-18 14:39:10][solver][infos] Loading the area 7/9: DE  53%
[2025-04-18 14:39:10][solver][infos] Loading the area 7/9: DE  55%
[2025-04-18 14:39:10][solver][infos] Loading the area 7/9: DE  58%
[2025-04-18 14:39:10][solver][infos] Loading the area 7/9: DE  60%
[2025-04-18 14:39:10][solver][infos] Loading the area 7/9: DE  62%
[2025-04-18 14:39:10][solver][infos] Loading the area 7/9: DE  65%
[2025-04-18 14:39:10][solver][infos] Loading the area 7/9: DE  67%
[2025-04-18 14:39:10][solver][infos] Loading the area 7/9: DE  69%
[2025-04-18 14:39:10][solver][infos] Loading the area 7/9: DE  72%
[2025-04-18 14:39:10][solver][infos] Loading the area 7/9: DE  74%
[2025-04-18 14:39:10][solver][infos] Loading the area 7/9: DE  76%
[2025-04-18 14:39:10][solver][infos] Loading the area 7/9: DE  79%
[2025-04-18 14:39:10][solver][infos] Loading the area 7/9: DE  81%
[2025-04-18 14:39:10][solver][infos] Loading the area 7/9: DE  83%
[2025-04-18 14:39:10][solver][infos] Loading the area 7/9: DE  86%
[2025-04-18 14:39:10][solver][infos] Loading the area 7/9: DE  88%
[2025-04-18 14:39:10][solver][infos] Loading the area 7/9: DE  90%
[2025-04-18 14:39:10][solver][infos] Loading the area 7/9: DE  93%
[2025-04-18 14:39:10][solver][infos] Loading the area 7/9: DE  95%
[2025-04-18 14:39:10][solver][infos] Loading the area 7/9: DE  97%
[2025-04-18 14:39:11][solver][infos] Loading the area 8/9: ES
[2025-04-18 14:39:11][solver][infos] Loading the area 8/9: ES  2%
[2025-04-18 14:39:11][solver][infos] Loading the area 8/9: ES  4%
[2025-04-18 14:39:11][solver][infos] Loading the area 8/9: ES  6%
[2025-04-18 14:39:11][solver][infos] Loading the area 8/9: ES  9%
[2025-04-18 14:39:11][solver][infos]   'es': The hydro minimum generation data have been normalized to 35 timeseries
[2025-04-18 14:39:11][solver][infos] Loading the area 8/9: ES  11%
[2025-04-18 14:39:11][solver][infos] Loading the area 8/9: ES  13%
[2025-04-18 14:39:11][solver][infos] Loading the area 8/9: ES  16%
[2025-04-18 14:39:11][solver][infos] Loading the area 8/9: ES  18%
[2025-04-18 14:39:11][solver][infos] Loading the area 8/9: ES  20%
[2025-04-18 14:39:11][solver][infos] Loading the area 8/9: ES  23%
[2025-04-18 14:39:11][solver][infos] Loading the area 8/9: ES  25%
[2025-04-18 14:39:11][solver][infos] Loading the area 8/9: ES  27%
[2025-04-18 14:39:11][solver][infos] Loading the area 8/9: ES  30%
[2025-04-18 14:39:11][solver][infos] Loading the area 8/9: ES  32%
[2025-04-18 14:39:11][solver][infos] Loading the area 8/9: ES  34%
[2025-04-18 14:39:11][solver][infos] Loading the area 8/9: ES  37%
[2025-04-18 14:39:11][solver][infos] Loading the area 8/9: ES  39%
[2025-04-18 14:39:11][solver][infos] Loading the area 8/9: ES  41%
[2025-04-18 14:39:11][solver][infos] Loading the area 8/9: ES  44%
[2025-04-18 14:39:11][solver][infos] Loading the area 8/9: ES  46%
[2025-04-18 14:39:11][solver][infos] Loading the area 8/9: ES  48%
[2025-04-18 14:39:11][solver][infos] Loading the area 8/9: ES  51%
[2025-04-18 14:39:11][solver][infos] Loading the area 8/9: ES  53%
[2025-04-18 14:39:11][solver][infos] Loading the area 8/9: ES  55%
[2025-04-18 14:39:11][solver][infos] Loading the area 8/9: ES  58%
[2025-04-18 14:39:11][solver][infos] Loading the area 8/9: ES  60%
[2025-04-18 14:39:11][solver][infos] Loading the area 8/9: ES  62%
[2025-04-18 14:39:11][solver][infos] Loading the area 8/9: ES  65%
[2025-04-18 14:39:11][solver][infos] Loading the area 8/9: ES  67%
[2025-04-18 14:39:11][solver][infos] Loading the area 8/9: ES  69%
[2025-04-18 14:39:11][solver][infos] Loading the area 8/9: ES  72%
[2025-04-18 14:39:11][solver][infos] Loading the area 8/9: ES  74%
[2025-04-18 14:39:11][solver][infos] Loading the area 8/9: ES  76%
[2025-04-18 14:39:11][solver][infos] Loading the area 8/9: ES  79%
[2025-04-18 14:39:11][solver][infos] Loading the area 8/9: ES  81%
[2025-04-18 14:39:11][solver][infos] Loading the area 8/9: ES  83%
[2025-04-18 14:39:11][solver][infos] Loading the area 8/9: ES  86%
[2025-04-18 14:39:11][solver][infos] Loading the area 8/9: ES  88%
[2025-04-18 14:39:11][solver][infos] Loading the area 8/9: ES  90%
[2025-04-18 14:39:11][solver][infos] Loading the area 8/9: ES  93%
[2025-04-18 14:39:11][solver][infos] Loading the area 8/9: ES  95%
[2025-04-18 14:39:11][solver][infos] Loading the area 8/9: ES  97%
[2025-04-18 14:39:12][solver][infos] Loading the area 9/9: FR
[2025-04-18 14:39:12][solver][infos] Loading the area 9/9: FR  2%
[2025-04-18 14:39:12][solver][infos] Loading the area 9/9: FR  4%
[2025-04-18 14:39:12][solver][infos] Loading the area 9/9: FR  6%
[2025-04-18 14:39:12][solver][infos] Loading the area 9/9: FR  9%
[2025-04-18 14:39:12][solver][infos]   'fr': The hydro minimum generation data have been normalized to 35 timeseries
[2025-04-18 14:39:12][solver][infos] Loading the area 9/9: FR  11%
[2025-04-18 14:39:12][solver][infos] Loading the area 9/9: FR  13%
[2025-04-18 14:39:12][solver][infos] Loading the area 9/9: FR  16%
[2025-04-18 14:39:12][solver][infos] Loading the area 9/9: FR  18%
[2025-04-18 14:39:12][solver][infos] Loading the area 9/9: FR  20%
[2025-04-18 14:39:12][solver][infos] Loading the area 9/9: FR  23%
[2025-04-18 14:39:12][solver][infos] Loading the area 9/9: FR  25%
[2025-04-18 14:39:12][solver][infos] Loading the area 9/9: FR  27%
[2025-04-18 14:39:12][solver][infos] Loading the area 9/9: FR  30%
[2025-04-18 14:39:13][solver][infos] Loading the area 9/9: FR  32%
[2025-04-18 14:39:13][solver][infos] Loading the area 9/9: FR  34%
[2025-04-18 14:39:13][solver][infos] Loading the area 9/9: FR  37%
[2025-04-18 14:39:13][solver][infos] Loading the area 9/9: FR  39%
[2025-04-18 14:39:13][solver][infos] Loading the area 9/9: FR  41%
[2025-04-18 14:39:13][solver][infos] Loading the area 9/9: FR  44%
[2025-04-18 14:39:13][solver][infos] Loading the area 9/9: FR  46%
[2025-04-18 14:39:13][solver][infos] Loading the area 9/9: FR  48%
[2025-04-18 14:39:13][solver][infos] Loading the area 9/9: FR  51%
[2025-04-18 14:39:13][solver][infos] Loading the area 9/9: FR  53%
[2025-04-18 14:39:13][solver][infos] Loading the area 9/9: FR  55%
[2025-04-18 14:39:13][solver][infos] Loading the area 9/9: FR  58%
[2025-04-18 14:39:13][solver][infos] Loading the area 9/9: FR  60%
[2025-04-18 14:39:13][solver][infos] Loading the area 9/9: FR  62%
[2025-04-18 14:39:13][solver][infos] Loading the area 9/9: FR  65%
[2025-04-18 14:39:13][solver][infos] Loading the area 9/9: FR  67%
[2025-04-18 14:39:13][solver][infos] Loading the area 9/9: FR  69%
[2025-04-18 14:39:13][solver][infos] Loading the area 9/9: FR  72%
[2025-04-18 14:39:13][solver][infos] Loading the area 9/9: FR  74%
[2025-04-18 14:39:13][solver][infos] Loading the area 9/9: FR  76%
[2025-04-18 14:39:13][solver][infos] Loading the area 9/9: FR  79%
[2025-04-18 14:39:13][solver][infos] Loading the area 9/9: FR  81%
[2025-04-18 14:39:13][solver][infos] Loading the area 9/9: FR  83%
[2025-04-18 14:39:13][solver][infos] Loading the area 9/9: FR  86%
[2025-04-18 14:39:13][solver][infos] Loading the area 9/9: FR  88%
[2025-04-18 14:39:13][solver][infos] Loading the area 9/9: FR  90%
[2025-04-18 14:39:13][solver][infos] Loading the area 9/9: FR  93%
[2025-04-18 14:39:13][solver][infos] Loading the area 9/9: FR  95%
[2025-04-18 14:39:13][solver][infos] Loading the area 9/9: FR  97%
[2025-04-18 14:39:14][solver][infos] Loading correlation matrices...
[2025-04-18 14:39:14][solver][infos] 
[2025-04-18 14:39:14][solver][infos] Loading constraints...
[2025-04-18 14:39:14][solver][infos]  loaded time series for `00_xtra_de_bat_1` (hourly, equality)
[2025-04-18 14:39:14][solver][infos]  loaded time series for `00_xtra_de_bat_2` (hourly, equality)
[2025-04-18 14:39:14][solver][infos]  loaded time series for `00_xtra_de_bat_3` (hourly, bounded above)
[2025-04-18 14:39:14][solver][infos]  loaded time series for `00_xtra_de_bat_3` (hourly, bounded below)
[2025-04-18 14:39:14][solver][infos]  loaded time series for `00_xtra_de_psp_1` (hourly, equality)
[2025-04-18 14:39:14][solver][infos]  loaded time series for `00_xtra_de_psp_2` (hourly, equality)
[2025-04-18 14:39:14][solver][infos]  loaded time series for `00_xtra_de_psp_3` (hourly, bounded above)
[2025-04-18 14:39:14][solver][infos]  loaded time series for `00_xtra_de_psp_3` (hourly, bounded below)
[2025-04-18 14:39:14][solver][infos]  loaded time series for `00_xtra_es_bat_1` (hourly, equality)
[2025-04-18 14:39:14][solver][infos]  loaded time series for `00_xtra_es_bat_2` (hourly, equality)
[2025-04-18 14:39:14][solver][infos]  loaded time series for `00_xtra_es_bat_3` (hourly, bounded above)
[2025-04-18 14:39:14][solver][infos]  loaded time series for `00_xtra_es_bat_3` (hourly, bounded below)
[2025-04-18 14:39:14][solver][infos]  loaded time series for `00_xtra_es_psp_1` (hourly, equality)
[2025-04-18 14:39:14][solver][infos]  loaded time series for `00_xtra_es_psp_2` (hourly, equality)
[2025-04-18 14:39:14][solver][infos]  loaded time series for `00_xtra_es_psp_3` (hourly, bounded above)
[2025-04-18 14:39:14][solver][infos]  loaded time series for `00_xtra_es_psp_3` (hourly, bounded below)
[2025-04-18 14:39:14][solver][infos]  loaded time series for `00_xtra_fr_bat_1` (hourly, equality)
[2025-04-18 14:39:14][solver][infos]  loaded time series for `00_xtra_fr_bat_2` (hourly, equality)
[2025-04-18 14:39:14][solver][infos]  loaded time series for `00_xtra_fr_bat_3` (hourly, bounded above)
[2025-04-18 14:39:14][solver][infos]  loaded time series for `00_xtra_fr_bat_3` (hourly, bounded below)
[2025-04-18 14:39:14][solver][infos]  loaded time series for `00_xtra_fr_psp_1` (hourly, equality)
[2025-04-18 14:39:14][solver][infos]  loaded time series for `00_xtra_fr_psp_2` (hourly, equality)
[2025-04-18 14:39:14][solver][infos]  loaded time series for `00_xtra_fr_psp_3` (hourly, bounded above)
[2025-04-18 14:39:14][solver][infos]  loaded time series for `00_xtra_fr_psp_3` (hourly, bounded below)
[2025-04-18 14:39:14][solver][infos]  loaded time series for `de_bat` (daily, equality)
[2025-04-18 14:39:14][solver][infos]  loaded time series for `de_ev` (daily, equality)
[2025-04-18 14:39:14][solver][infos]  loaded time series for `de_p2g` (weekly, equality)
[2025-04-18 14:39:14][solver][infos]  loaded time series for `de_p2h` (weekly, equality)
[2025-04-18 14:39:14][solver][infos]  loaded time series for `de_psp` (weekly, equality)
[2025-04-18 14:39:14][solver][infos]  loaded time series for `es_bat` (daily, equality)
[2025-04-18 14:39:14][solver][infos]  loaded time series for `es_p2g` (weekly, equality)
[2025-04-18 14:39:14][solver][infos]  loaded time series for `es_p2h` (weekly, equality)
[2025-04-18 14:39:14][solver][infos]  loaded time series for `es_psp` (weekly, equality)
[2025-04-18 14:39:14][solver][infos]  loaded time series for `fr_bat` (daily, equality)
[2025-04-18 14:39:14][solver][infos]  loaded time series for `fr_ev` (daily, equality)
[2025-04-18 14:39:14][solver][infos]  loaded time series for `fr_p2g` (weekly, equality)
[2025-04-18 14:39:14][solver][infos]  loaded time series for `fr_p2h` (weekly, equality)
[2025-04-18 14:39:14][solver][infos]  loaded time series for `fr_psp` (weekly, equality)
[2025-04-18 14:39:14][solver][infos] 38 binding constraints found
[2025-04-18 14:39:14][solver][infos] 
[2025-04-18 14:39:14][solver][infos] Loading sets of areas...
[2025-04-18 14:39:14][solver][infos]    found `all areas` (3 items)
[2025-04-18 14:39:14][solver][infos] Stochastic TS stored in input parametrized. Disabling Store in input because study is not at latest versionPrevents writing data in unsupported format at the study version
[2025-04-18 14:39:14][solver][infos]   Output folder : C:\Users\mberos\gitRepos\balmorel-antares\src\Antares\output\20250418-1439eco-baf_test_endoel_p2hweek
[2025-04-18 14:39:14][solver][infos] [statistics] disk: read: 288998 ko, written: 0 ko
[2025-04-18 14:39:14][solver][infos] [statistics] network: read: 0 ko, written: 0 ko
[2025-04-18 14:39:14][solver][infos] The study is loaded.
[2025-04-18 14:39:14][solver][infos] [UI] Display messages: Off
[2025-04-18 14:39:14][solver][infos]   Output folder : C:\Users\mberos\gitRepos\balmorel-antares\src\Antares\output\20250418-1439eco-baf_test_endoel_p2hweek
[2025-04-18 14:39:14][solver][infos] 
[2025-04-18 14:39:14][solver][infos] Generating calendar informations
[2025-04-18 14:39:14][solver][infos] Calendar: hours:1..168, days:1..7, weeks:1..1, months:1..1, years:1..35
[2025-04-18 14:39:14][solver][infos] Simulation days per month : 7, 0, 0, 0, 0, 0, 0, 0, 0, 0, 0, 0
[2025-04-18 14:39:14][solver][infos] 
[2025-04-18 14:39:14][solver][infos] Removing disabled thermal clusters in from solver computations...
[2025-04-18 14:39:14][solver][infos] Found 97 disabled thermal clusters and removed them before solver computations
[2025-04-18 14:39:14][solver][infos] 
[2025-04-18 14:39:14][solver][infos] Removing disabled renewable clusters in from solver computations...
[2025-04-18 14:39:14][solver][infos] Found 1 disabled renewable clusters and removed them before solver computations
[2025-04-18 14:39:14][solver][infos] 
[2025-04-18 14:39:14][solver][infos] Optimizing the thermal clusters in 'must-run' mode...
[2025-04-18 14:39:14][solver][infos] No thermal cluster in 'must-run' mode
[2025-04-18 14:39:14][solver][infos] 
[2025-04-18 14:39:14][solver][infos] 
[2025-04-18 14:39:14][solver][infos] Summary
[2025-04-18 14:39:14][solver][infos]      areas: 9
[2025-04-18 14:39:14][solver][infos]      links: 17
[2025-04-18 14:39:14][solver][infos]      thermal clusters: 146
[2025-04-18 14:39:14][solver][infos]      thermal clusters (must-run): 0
[2025-04-18 14:39:14][solver][infos]      short-term storages: 0
[2025-04-18 14:39:14][solver][infos]      binding constraints: 35
[2025-04-18 14:39:14][solver][infos]      geographic trimming:false
[2025-04-18 14:39:14][solver][infos]      memory : 427Mo
[2025-04-18 14:39:14][solver][infos] 
[2025-04-18 14:39:14][solver][infos] Initializing random number generators...
[2025-04-18 14:39:14][solver][infos]   The progression is disabled
[2025-04-18 14:39:14][solver][infos]   system memory report: 15132 Mib / 32484 Mib,  46.582933% free
[2025-04-18 14:39:14][solver][infos] 
[2025-04-18 14:39:14][solver][infos] [UI] Display messages: On
[2025-04-18 14:39:14][solver][check] Running the simulation (economy)
[2025-04-18 14:39:14][solver][infos] Allocating resources...
[2025-04-18 14:39:14][solver][infos] Allocating resources 55%
[2025-04-18 14:39:15][solver][infos] Allocating resources...
[2025-04-18 14:39:15][solver][infos]  Variables:  (412Mo)
[2025-04-18 14:39:15][solver][infos]  + Areas                             
[2025-04-18 14:39:15][solver][infos]        OV. COST              Euro    Overall Cost throughout all MC years
[2025-04-18 14:39:15][solver][infos]        OP. COST              Euro    Operating Cost throughout all MC years, of all the thermal dispatchable clusters
[2025-04-18 14:39:15][solver][infos]        MRG. PRICE            Euro    Marginal Price, throughout all MC years
[2025-04-18 14:39:15][solver][infos]                              Tons    Overall pollutant emissions expected from all the thermal clusters
[2025-04-18 14:39:15][solver][infos]        DTG by plant          MWh     Energy generated by all the clusters
[2025-04-18 14:39:15][solver][infos]        RES generation by planMWh     Energy generated by all the RES clusters
[2025-04-18 14:39:15][solver][infos]        BALANCE               MWh     Nodal energy balance, throughout all MC years
[2025-04-18 14:39:15][solver][infos]        ROW BAL.              MWh     Row Balance
[2025-04-18 14:39:15][solver][infos]        PSP                   MWh     PSP
[2025-04-18 14:39:15][solver][infos]        MISC. NDG             MWh     Non-dispatchable generation (not including wind and run-of-the-river)
[2025-04-18 14:39:15][solver][infos]        LOAD                  MWh     Load generation, thoughout all MC years
[2025-04-18 14:39:15][solver][infos]        H. ROR                MWh     Hydro generation, thoughout all MC years
[2025-04-18 14:39:15][solver][infos]        WIND                  MWh     Wind generation, thoughout all MC years
[2025-04-18 14:39:15][solver][infos]        SOLAR                 MWh     Solar generation, thoughout all MC years
[2025-04-18 14:39:15][solver][infos]        Dispatch. Gen.        MWh     Value of all the dispatchable generation throughout all MC years
[2025-04-18 14:39:15][solver][infos]        Renewable Gen.        MWh     Value of all the renewable generation throughout all MC years
[2025-04-18 14:39:15][solver][infos]        H. STOR               MWh     Hydro Storage Generation
[2025-04-18 14:39:15][solver][infos]        H. PUMP               MWh     Hydraulic pumping
[2025-04-18 14:39:15][solver][infos]        H. LEV                %       Hydro Level
[2025-04-18 14:39:15][solver][infos]        H. INFL               MWh     Hydraulic inflows
[2025-04-18 14:39:15][solver][infos]        H. OVFL               %       Hydro overflow
[2025-04-18 14:39:15][solver][infos]        H. VAL                Euro/MWhWater value
[2025-04-18 14:39:15][solver][infos]        H. COST               Euro    Hydro Cost throughout all MC years, of all the thermal dispatchable clusters
[2025-04-18 14:39:15][solver][infos]        ST storage            MWh     Value of all short term storage throughout all MC years
[2025-04-18 14:39:15][solver][infos]        STS inj by plant      P-injectEnergy injected by ST storage clusters
[2025-04-18 14:39:15][solver][infos]        STS withdrawal by planP-withdrEnergy withdrawn by ST storage clusters
[2025-04-18 14:39:15][solver][infos]        STS lvl by plant      Levels -Levels by ST storage clusters
[2025-04-18 14:39:15][solver][infos]        UNSP. ENRG            MWh     Unsuplied Energy (demand that cannot be satisfied)
[2025-04-18 14:39:15][solver][infos]        DENS                  MWh     Domestic Unsupplied Energy (demand that cannot be satisfied without interconnections/links)
[2025-04-18 14:39:15][solver][infos]        LMR VIOL.                     Local Matching Rule is violated more than the provided threshold
[2025-04-18 14:39:15][solver][infos]        SPIL. ENRG            MWh     Spilled Energy (generation that cannot be satisfied)
[2025-04-18 14:39:15][solver][infos]        SPIL. ENRG. CSR       MWh     Spilled Energy After CSR Optimization (generation that cannot be satisfied) after CSR optimization
[2025-04-18 14:39:15][solver][infos]        LOLD                  Hours   LOLD
[2025-04-18 14:39:15][solver][infos]        LOLP                  %       LOLP
[2025-04-18 14:39:15][solver][infos]        AVL DTG               MWh     Available dispatchable generation
[2025-04-18 14:39:15][solver][infos]        DTG MRG               MWh     Dispatchable Generation Margin
[2025-04-18 14:39:15][solver][infos]        DTG MRG CSR           MWh     Dispatchable Generation Margin (after CSR optimization)
[2025-04-18 14:39:15][solver][infos]        MAX MRG               MWh     Maximum margin throughout all MC years
[2025-04-18 14:39:15][solver][infos]        NP COST               Euro    Non Proportional Cost throughout all MC years, of all the thermal dispatchable clusters
[2025-04-18 14:39:15][solver][infos]        NP Cost by plant      NP Cost Non proportional costs by all the clusters
[2025-04-18 14:39:15][solver][infos]        NODU                          Number Of Dispatched Units throughout all MC years, of all the thermal dispatchable clusters
[2025-04-18 14:39:15][solver][infos]        NODU by plant         NODU    Number of Dispatchable Units by plant
[2025-04-18 14:39:15][solver][infos]        Profit by plant       Profit -Profit for thermal units
[2025-04-18 14:39:15][solver][infos]      + Links                         
[2025-04-18 14:39:15][solver][infos]            FLOW LIN.         MWh     Flow assessed, over all MC years, through linear optimization
[2025-04-18 14:39:15][solver][infos]            UCAP LIN.         MWh     Used capacity assessed, over all MC years, through linear optimization
[2025-04-18 14:39:15][solver][infos]            LOOP FLOW         MWh     Loop flow
[2025-04-18 14:39:15][solver][infos]            FLOW QUAD.        MWh     Flow (quad.)
[2025-04-18 14:39:15][solver][infos]            CONG. FEE (ALG.)  Euro    Congestion fee collected throughout all MC years (Alg.)
[2025-04-18 14:39:15][solver][infos]            CONG. FEE (ABS.)  Euro    Congestion fee collected throughout all MC years (Absolute value)
[2025-04-18 14:39:15][solver][infos]            MARG. COST        Euro/MW Decrease of the overall operating cost expected by a 1MW capacity reinforcement
[2025-04-18 14:39:15][solver][infos]            CONG. PROB. (+/-) %       Probability for the line to be congested in the upstream-downstream way
[2025-04-18 14:39:15][solver][infos]            HURDLE COST       Euro    Hurdle costs, over all MC years
[2025-04-18 14:39:15][solver][infos]  + Sets of Areas                     
[2025-04-18 14:39:15][solver][infos]        OV. COST              Euro    Overall Cost throughout all MC years
[2025-04-18 14:39:15][solver][infos]        OP. COST              Euro    Operating Cost throughout all MC years, of all the thermal dispatchable clusters
[2025-04-18 14:39:15][solver][infos]        MRG. PRICE            Euro    Marginal Price, throughout all MC years
[2025-04-18 14:39:15][solver][infos]                              Tons    Overall pollutant emissions expected from all the thermal clusters
[2025-04-18 14:39:15][solver][infos]        BALANCE               MWh     Nodal energy balance, throughout all MC years
[2025-04-18 14:39:15][solver][infos]        ROW BAL.              MWh     Row Balance
[2025-04-18 14:39:15][solver][infos]        PSP                   MWh     PSP
[2025-04-18 14:39:15][solver][infos]        MISC. NDG             MWh     Non-dispatchable generation (not including wind and run-of-the-river)
[2025-04-18 14:39:15][solver][infos]        LOAD                  MWh     Load generation, thoughout all MC years
[2025-04-18 14:39:15][solver][infos]        H. ROR                MWh     Hydro generation, thoughout all MC years
[2025-04-18 14:39:15][solver][infos]        WIND                  MWh     Wind generation, thoughout all MC years
[2025-04-18 14:39:15][solver][infos]        SOLAR                 MWh     Solar generation, thoughout all MC years
[2025-04-18 14:39:15][solver][infos]        Dispatch. Gen.        MWh     Value of all the dispatchable generation throughout all MC years
[2025-04-18 14:39:15][solver][infos]        Renewable Gen.        MWh     Value of all the renewable generation throughout all MC years
[2025-04-18 14:39:15][solver][infos]        H. STOR               MWh     Hydro Storage Generation
[2025-04-18 14:39:15][solver][infos]        H. PUMP               MWh     Hydraulic pumping
[2025-04-18 14:39:15][solver][infos]        H. LEV                %       Hydro Level
[2025-04-18 14:39:15][solver][infos]        H. INFL               MWh     Hydraulic inflows
[2025-04-18 14:39:15][solver][infos]        H. OVFL               %       Hydro overflow
[2025-04-18 14:39:15][solver][infos]        H. VAL                Euro/MWhWater value
[2025-04-18 14:39:15][solver][infos]        H. COST               Euro    Hydro Cost throughout all MC years, of all the thermal dispatchable clusters
[2025-04-18 14:39:15][solver][infos]        ST storage            MWh     Value of all short term storage throughout all MC years
[2025-04-18 14:39:15][solver][infos]        UNSP. ENRG            MWh     Unsuplied Energy (demand that cannot be satisfied)
[2025-04-18 14:39:15][solver][infos]        DENS                  MWh     Domestic Unsupplied Energy (demand that cannot be satisfied without interconnections/links)
[2025-04-18 14:39:15][solver][infos]        LMR VIOL.                     Local Matching Rule is violated more than the provided threshold
[2025-04-18 14:39:15][solver][infos]        SPIL. ENRG            MWh     Spilled Energy (generation that cannot be satisfied)
[2025-04-18 14:39:15][solver][infos]        SPIL. ENRG. CSR       MWh     Spilled Energy After CSR Optimization (generation that cannot be satisfied) after CSR optimization
[2025-04-18 14:39:15][solver][infos]        LOLD                  Hours   LOLD
[2025-04-18 14:39:15][solver][infos]        LOLP                  %       LOLP
[2025-04-18 14:39:15][solver][infos]        AVL DTG               MWh     Available dispatchable generation
[2025-04-18 14:39:15][solver][infos]        DTG MRG               MWh     Dispatchable Generation Margin
[2025-04-18 14:39:15][solver][infos]        DTG MRG CSR           MWh     Dispatchable Generation Margin (after CSR optimization)
[2025-04-18 14:39:15][solver][infos]        MAX MRG               MWh     Maximum margin throughout all MC years
[2025-04-18 14:39:15][solver][infos]        NP COST               Euro    Non Proportional Cost throughout all MC years, of all the thermal dispatchable clusters
[2025-04-18 14:39:15][solver][infos]        NODU                          Number Of Dispatched Units throughout all MC years, of all the thermal dispatchable clusters
[2025-04-18 14:39:15][solver][infos]  + Binding constraints               
[2025-04-18 14:39:15][solver][infos]        BC. MARG. COST        Euro    Marginal cost for binding constraints
[2025-04-18 14:39:15][solver][infos] 
[2025-04-18 14:39:15][solver][infos] Preparing time-series numbers...
[2025-04-18 14:39:15][solver][infos] Preparing time-series numbers... (default ruleset)
[2025-04-18 14:39:15][solver][infos]   :: Scenario Builder, active target: default ruleset
[2025-04-18 14:39:15][solver][infos]   > loading scenario builder data from C:\Users\mberos\gitRepos\balmorel-antares\src\Antares\settings\scenariobuilder.dat
[2025-04-18 14:39:15][solver][warns] [scenario-builder] The binding constraint group '3years' does not exist
[2025-04-18 14:39:15][solver][warns] [scenario-builder] The binding constraint group '3years' does not exist
[2025-04-18 14:39:15][solver][warns] [scenario-builder] The binding constraint group '3years' does not exist
[2025-04-18 14:39:15][solver][warns] Cluster es.offshore not found: it may be disabled, though given TS numbers in sc builder for year(s) :
[2025-04-18 14:39:15][solver][warns] 19
[2025-04-18 14:39:15][solver][warns] scenario-builder: Load: Area 'DE': value out of bounds for the year 2
[2025-04-18 14:39:15][solver][warns] scenario-builder: Load: Area 'DE': value out of bounds for the year 3
[2025-04-18 14:39:15][solver][warns] scenario-builder: Load: Area 'DE': value out of bounds for the year 4
[2025-04-18 14:39:15][solver][warns] scenario-builder: Load: Area 'DE': value out of bounds for the year 5
[2025-04-18 14:39:15][solver][warns] scenario-builder: Load: Area 'DE': value out of bounds for the year 6
[2025-04-18 14:39:15][solver][warns] scenario-builder: Load: Area 'DE': value out of bounds for the year 7
[2025-04-18 14:39:15][solver][warns] scenario-builder: Load: Area 'DE': value out of bounds for the year 8
[2025-04-18 14:39:15][solver][warns] scenario-builder: Load: Area 'DE': value out of bounds for the year 9
[2025-04-18 14:39:15][solver][warns] scenario-builder: Load: Area 'DE': value out of bounds for the year 10
[2025-04-18 14:39:15][solver][warns] scenario-builder: Load: Area 'DE': value out of bounds for the year 11
[2025-04-18 14:39:15][solver][warns] scenario-builder: Load: Area 'DE': value out of bounds for the year 12
[2025-04-18 14:39:15][solver][warns] scenario-builder: Load: Area 'DE': value out of bounds for the year 13
[2025-04-18 14:39:15][solver][warns] scenario-builder: Load: Area 'DE': value out of bounds for the year 14
[2025-04-18 14:39:15][solver][warns] scenario-builder: Load: Area 'DE': value out of bounds for the year 15
[2025-04-18 14:39:15][solver][warns] scenario-builder: Load: Area 'DE': value out of bounds for the year 16
[2025-04-18 14:39:15][solver][warns] scenario-builder: Load: Area 'DE': value out of bounds for the year 17
[2025-04-18 14:39:15][solver][warns] scenario-builder: Load: Area 'DE': value out of bounds for the year 18
[2025-04-18 14:39:15][solver][warns] scenario-builder: Load: Area 'DE': value out of bounds for the year 19
[2025-04-18 14:39:15][solver][warns] scenario-builder: Load: Area 'DE': value out of bounds for the year 20
[2025-04-18 14:39:15][solver][warns] scenario-builder: ... (skipped)
[2025-04-18 14:39:15][solver][warns] scenario-builder: Load: Area 'DE': value out of bounds for the year 22
[2025-04-18 14:39:15][solver][infos] 
[2025-04-18 14:39:15][solver][infos] MC-Years : [1 .. 35], total: 1
[2025-04-18 14:39:15][solver][infos]  Starting the simulation
[2025-04-18 14:39:15][solver][infos] parallel batch size : 19 (1 perfomed)
[2025-04-18 14:39:15][solver][infos] Year(s) 19 
[2025-04-18 14:39:15][solver][infos]   playlist: ignoring the year 1
[2025-04-18 14:39:15][solver][infos]   playlist: ignoring the year 2
[2025-04-18 14:39:15][solver][infos]   playlist: ignoring the year 3
[2025-04-18 14:39:15][solver][infos]   playlist: ignoring the year 4
[2025-04-18 14:39:15][solver][infos]   playlist: ignoring the year 5
[2025-04-18 14:39:15][solver][infos]   playlist: ignoring the year 6
[2025-04-18 14:39:15][solver][infos]   playlist: ignoring the year 7
[2025-04-18 14:39:15][solver][infos]   playlist: ignoring the year 8
[2025-04-18 14:39:15][solver][infos]   playlist: ignoring the year 9
[2025-04-18 14:39:15][solver][infos]   playlist: ignoring the year 10
[2025-04-18 14:39:15][solver][infos]   playlist: ignoring the year 11
[2025-04-18 14:39:15][solver][infos]   playlist: ignoring the year 12
[2025-04-18 14:39:15][solver][infos]   playlist: ignoring the year 13
[2025-04-18 14:39:15][solver][infos]   playlist: ignoring the year 14
[2025-04-18 14:39:15][solver][infos]   playlist: ignoring the year 15
[2025-04-18 14:39:15][solver][infos]   playlist: ignoring the year 16
[2025-04-18 14:39:15][solver][infos]   playlist: ignoring the year 17
[2025-04-18 14:39:15][solver][infos]   playlist: ignoring the year 18
[2025-04-18 14:39:15][solver][infos] 
[2025-04-18 14:39:15][solver][infos]  Starting Memory Allocation for a Weekly Optimization problem in Canonical form 
[2025-04-18 14:39:15][solver][infos]  ( Problem Size :36624 variables 9944 Constraints) 
[2025-04-18 14:39:15][solver][infos]  Expected Number of Non-zero terms in Problem Matrix : 1141806
[2025-04-18 14:39:15][solver][infos] 
[2025-04-18 14:39:15][solver][infos] 
[2025-04-18 14:39:15][solver][infos]  Status of Preliminary Allocations for Generic Problem Resolution : Successful
[2025-04-18 14:39:15][solver][infos] 
[2025-04-18 14:39:16][solver][infos] Exporting the annual results
[2025-04-18 14:39:16][solver][infos] Exporting results : 00_BAT_STO
[2025-04-18 14:39:16][solver][infos] Exporting results : 00_EV_STO
[2025-04-18 14:39:16][solver][infos] Exporting results : 00_P2G_STO
[2025-04-18 14:39:16][solver][infos] Exporting results : 00_P2H_STO
[2025-04-18 14:39:16][solver][infos] Exporting results : 00_PSP_STO
[2025-04-18 14:39:16][solver][infos] Exporting results : 00_XTRA
[2025-04-18 14:39:16][solver][infos] Exporting results : DE
[2025-04-18 14:39:16][solver][infos] Exporting results : ES
[2025-04-18 14:39:16][solver][infos] Exporting results : FR
[2025-04-18 14:39:16][solver][infos] Exporting results : 00_BAT_STO - DE
[2025-04-18 14:39:16][solver][infos] Exporting results : 00_BAT_STO - ES
[2025-04-18 14:39:16][solver][infos] Exporting results : 00_BAT_STO - FR
[2025-04-18 14:39:16][solver][infos] Exporting results : 00_EV_STO - DE
[2025-04-18 14:39:16][solver][infos] Exporting results : 00_EV_STO - ES
[2025-04-18 14:39:16][solver][infos] Exporting results : 00_EV_STO - FR
[2025-04-18 14:39:16][solver][infos] Exporting results : 00_P2G_STO - DE
[2025-04-18 14:39:16][solver][infos] Exporting results : 00_P2G_STO - ES
[2025-04-18 14:39:16][solver][infos] Exporting results : 00_P2G_STO - FR
[2025-04-18 14:39:16][solver][infos] Exporting results : 00_P2H_STO - DE
[2025-04-18 14:39:16][solver][infos] Exporting results : 00_P2H_STO - ES
[2025-04-18 14:39:16][solver][infos] Exporting results : 00_P2H_STO - FR
[2025-04-18 14:39:16][solver][infos] Exporting results : 00_PSP_STO - DE
[2025-04-18 14:39:16][solver][infos] Exporting results : 00_PSP_STO - ES
[2025-04-18 14:39:16][solver][infos] Exporting results : 00_PSP_STO - FR
[2025-04-18 14:39:16][solver][infos] Exporting results : DE - FR
[2025-04-18 14:39:16][solver][infos] Exporting results : ES - FR
[2025-04-18 14:39:16][solver][infos] Exporting results : All areas
[2025-04-18 14:39:16][solver][infos] Exporting results : binding constraints
[2025-04-18 14:39:17][solver][infos] parallel batch size : 16 (0 perfomed)
[2025-04-18 14:39:17][solver][infos] Year(s) 
[2025-04-18 14:39:17][solver][infos]   playlist: ignoring the year 20
[2025-04-18 14:39:17][solver][infos]   playlist: ignoring the year 21
[2025-04-18 14:39:17][solver][infos]   playlist: ignoring the year 22
[2025-04-18 14:39:17][solver][infos]   playlist: ignoring the year 23
[2025-04-18 14:39:17][solver][infos]   playlist: ignoring the year 24
[2025-04-18 14:39:17][solver][infos]   playlist: ignoring the year 25
[2025-04-18 14:39:17][solver][infos]   playlist: ignoring the year 26
[2025-04-18 14:39:17][solver][infos]   playlist: ignoring the year 27
[2025-04-18 14:39:17][solver][infos]   playlist: ignoring the year 28
[2025-04-18 14:39:17][solver][infos]   playlist: ignoring the year 29
[2025-04-18 14:39:17][solver][infos]   playlist: ignoring the year 30
[2025-04-18 14:39:17][solver][infos]   playlist: ignoring the year 31
[2025-04-18 14:39:17][solver][infos]   playlist: ignoring the year 32
[2025-04-18 14:39:17][solver][infos]   playlist: ignoring the year 33
[2025-04-18 14:39:17][solver][infos]   playlist: ignoring the year 34
[2025-04-18 14:39:17][solver][infos]   playlist: ignoring the year 35
[2025-04-18 14:39:17][solver][infos]   The quadratic optimisation has been skipped
[2025-04-18 14:39:17][solver][infos] 
[2025-04-18 14:39:17][solver][check] Exporting the survey results...
[2025-04-18 14:39:17][solver][infos] Exporting results : 00_BAT_STO
[2025-04-18 14:39:17][solver][infos] Exporting results : 00_EV_STO
[2025-04-18 14:39:17][solver][infos] Exporting results : 00_P2G_STO
[2025-04-18 14:39:17][solver][infos] Exporting results : 00_P2H_STO
[2025-04-18 14:39:17][solver][infos] Exporting results : 00_PSP_STO
[2025-04-18 14:39:17][solver][infos] Exporting results : 00_XTRA
[2025-04-18 14:39:17][solver][infos] Exporting results : DE
[2025-04-18 14:39:17][solver][infos] Exporting results : ES
[2025-04-18 14:39:17][solver][infos] Exporting results : FR
[2025-04-18 14:39:17][solver][infos] Exporting results : 00_BAT_STO - DE
[2025-04-18 14:39:17][solver][infos] Exporting results : 00_BAT_STO - ES
[2025-04-18 14:39:17][solver][infos] Exporting results : 00_BAT_STO - FR
[2025-04-18 14:39:17][solver][infos] Exporting results : 00_EV_STO - DE
[2025-04-18 14:39:17][solver][infos] Exporting results : 00_EV_STO - ES
[2025-04-18 14:39:17][solver][infos] Exporting results : 00_EV_STO - FR
[2025-04-18 14:39:18][solver][infos] Exporting results : 00_P2G_STO - DE
[2025-04-18 14:39:18][solver][infos] Exporting results : 00_P2G_STO - ES
[2025-04-18 14:39:18][solver][infos] Exporting results : 00_P2G_STO - FR
[2025-04-18 14:39:18][solver][infos] Exporting results : 00_P2H_STO - DE
[2025-04-18 14:39:18][solver][infos] Exporting results : 00_P2H_STO - ES
[2025-04-18 14:39:18][solver][infos] Exporting results : 00_P2H_STO - FR
[2025-04-18 14:39:18][solver][infos] Exporting results : 00_PSP_STO - DE
[2025-04-18 14:39:18][solver][infos] Exporting results : 00_PSP_STO - ES
[2025-04-18 14:39:18][solver][infos] Exporting results : 00_PSP_STO - FR
[2025-04-18 14:39:18][solver][infos] Exporting results : DE - FR
[2025-04-18 14:39:18][solver][infos] Exporting results : ES - FR
[2025-04-18 14:39:18][solver][infos] Exporting results : All areas
[2025-04-18 14:39:18][solver][infos] Exporting results : binding constraints
[2025-04-18 14:39:18][solver][infos] Exporting digest...
[2025-04-18 14:39:18][solver][infos] [UI] Quitting the solver gracefully
